<?xml version="1.0" encoding="UTF-8"?>
<coverage generated="1682708080805" clover="3.2.0">
  <project timestamp="1682708080805" name="All files">
    <metrics statements="53" coveredstatements="53" conditionals="3" coveredconditionals="3" methods="13" coveredmethods="13" elements="69" coveredelements="69" complexity="0" loc="53" ncloc="53" packages="6" files="9" classes="9"/>
    <package name="data.use-cases.add-account">
      <metrics statements="6" coveredstatements="6" conditionals="0" coveredconditionals="0" methods="2" coveredmethods="2"/>
      <file name="db-add-account.ts" path="/mnt/c/Users/ipereira/Documents/personal-projects/clean-node-api/src/data/use-cases/add-account/db-add-account.ts">
        <metrics statements="6" coveredstatements="6" conditionals="0" coveredconditionals="0" methods="2" coveredmethods="2"/>
        <line num="3" count="1" type="stmt"/>
        <line num="8" count="5" type="stmt"/>
        <line num="9" count="5" type="stmt"/>
        <line num="13" count="5" type="stmt"/>
        <line num="14" count="4" type="stmt"/>
        <line num="15" count="3" type="stmt"/>
      </file>
    </package>
    <package name="infra.criptography">
      <metrics statements="5" coveredstatements="5" conditionals="0" coveredconditionals="0" methods="2" coveredmethods="2"/>
      <file name="bcrypt-adapter.ts" path="/mnt/c/Users/ipereira/Documents/personal-projects/clean-node-api/src/infra/criptography/bcrypt-adapter.ts">
        <metrics statements="5" coveredstatements="5" conditionals="0" coveredconditionals="0" methods="2" coveredmethods="2"/>
        <line num="1" count="1" type="stmt"/>
        <line num="4" count="1" type="stmt"/>
        <line num="7" count="3" type="stmt"/>
        <line num="11" count="3" type="stmt"/>
        <line num="12" count="2" type="stmt"/>
      </file>
    </package>
    <package name="presentation.controllers.signup">
      <metrics statements="20" coveredstatements="20" conditionals="3" coveredconditionals="3" methods="2" coveredmethods="2"/>
      <file name="signup.ts" path="/mnt/c/Users/ipereira/Documents/personal-projects/clean-node-api/src/presentation/controllers/signup/signup.ts">
        <metrics statements="20" coveredstatements="20" conditionals="3" coveredconditionals="3" methods="2" coveredmethods="2"/>
        <line num="2" count="1" type="stmt"/>
        <line num="3" count="1" type="stmt"/>
        <line num="5" count="1" type="stmt"/>
        <line num="10" count="11" type="stmt"/>
        <line num="11" count="11" type="stmt"/>
        <line num="15" count="11" type="stmt"/>
        <line num="16" count="11" type="stmt"/>
        <line num="17" count="11" type="stmt"/>
        <line num="18" count="38" type="cond" truecount="1" falsecount="0"/>
        <line num="19" count="4" type="stmt"/>
        <line num="22" count="7" type="stmt"/>
        <line num="23" count="7" type="cond" truecount="1" falsecount="0"/>
        <line num="24" count="1" type="stmt"/>
        <line num="26" count="6" type="stmt"/>
        <line num="27" count="5" type="cond" truecount="1" falsecount="0"/>
        <line num="28" count="1" type="stmt"/>
        <line num="30" count="4" type="stmt"/>
        <line num="35" count="3" type="stmt"/>
        <line num="37" count="2" type="stmt"/>
        <line num="38" count="2" type="stmt"/>
      </file>
    </package>
    <package name="presentation.errors">
      <metrics statements="12" coveredstatements="12" conditionals="0" coveredconditionals="0" methods="3" coveredmethods="3"/>
      <file name="index.ts" path="/mnt/c/Users/ipereira/Documents/personal-projects/clean-node-api/src/presentation/errors/index.ts">
        <metrics statements="3" coveredstatements="3" conditionals="0" coveredconditionals="0" methods="0" coveredmethods="0"/>
        <line num="1" count="1" type="stmt"/>
        <line num="2" count="1" type="stmt"/>
        <line num="3" count="1" type="stmt"/>
      </file>
      <file name="invalid-param-error.ts" path="/mnt/c/Users/ipereira/Documents/personal-projects/clean-node-api/src/presentation/errors/invalid-param-error.ts">
        <metrics statements="3" coveredstatements="3" conditionals="0" coveredconditionals="0" methods="1" coveredmethods="1"/>
        <line num="1" count="1" type="stmt"/>
        <line num="3" count="4" type="stmt"/>
        <line num="4" count="4" type="stmt"/>
      </file>
      <file name="missing-param-error.ts" path="/mnt/c/Users/ipereira/Documents/personal-projects/clean-node-api/src/presentation/errors/missing-param-error.ts">
        <metrics statements="3" coveredstatements="3" conditionals="0" coveredconditionals="0" methods="1" coveredmethods="1"/>
        <line num="1" count="1" type="stmt"/>
        <line num="3" count="8" type="stmt"/>
        <line num="4" count="8" type="stmt"/>
      </file>
      <file name="server-error.ts" path="/mnt/c/Users/ipereira/Documents/personal-projects/clean-node-api/src/presentation/errors/server-error.ts">
        <metrics statements="3" coveredstatements="3" conditionals="0" coveredconditionals="0" methods="1" coveredmethods="1"/>
        <line num="1" count="1" type="stmt"/>
        <line num="3" count="4" type="stmt"/>
        <line num="4" count="4" type="stmt"/>
      </file>
    </package>
    <package name="presentation.helpers">
      <metrics statements="7" coveredstatements="7" conditionals="0" coveredconditionals="0" methods="3" coveredmethods="3"/>
      <file name="http-helper.ts" path="/mnt/c/Users/ipereira/Documents/personal-projects/clean-node-api/src/presentation/helpers/http-helper.ts">
        <metrics statements="7" coveredstatements="7" conditionals="0" coveredconditionals="0" methods="3" coveredmethods="3"/>
        <line num="1" count="1" type="stmt"/>
        <line num="4" count="1" type="stmt"/>
        <line num="5" count="6" type="stmt"/>
        <line num="11" count="1" type="stmt"/>
        <line num="12" count="2" type="stmt"/>
        <line num="18" count="1" type="stmt"/>
        <line num="19" count="3" type="stmt"/>
      </file>
    </package>
    <package name="utils">
      <metrics statements="3" coveredstatements="3" conditionals="0" coveredconditionals="0" methods="1" coveredmethods="1"/>
      <file name="email-validator-adapter.ts" path="/mnt/c/Users/ipereira/Documents/personal-projects/clean-node-api/src/utils/email-validator-adapter.ts">
        <metrics statements="3" coveredstatements="3" conditionals="0" coveredconditionals="0" methods="1" coveredmethods="1"/>
        <line num="2" count="1" type="stmt"/>
        <line num="4" count="1" type="stmt"/>
        <line num="6" count="3" type="stmt"/>
      </file>
    </package>
  </project>
</coverage>
