{"/home/ipereira/clean-node-api/src/data/use-cases/add-account/db-add-account.ts": {"path":"/home/ipereira/clean-node-api/src/data/use-cases/add-account/db-add-account.ts","statementMap":{"0":{"start":{"line":8,"column":4},"end":{"line":8,"column":null}},"1":{"start":{"line":9,"column":4},"end":{"line":9,"column":null}},"2":{"start":{"line":13,"column":27},"end":{"line":13,"column":77}},"3":{"start":{"line":14,"column":20},"end":{"line":14,"column":101}},"4":{"start":{"line":15,"column":4},"end":{"line":15,"column":null}},"5":{"start":{"line":3,"column":0},"end":{"line":3,"column":13}}},"fnMap":{"0":{"name":"(anonymous_0)","decl":{"start":{"line":7,"column":2},"end":{"line":7,"column":15}},"loc":{"start":{"line":7,"column":79},"end":{"line":10,"column":3}}},"1":{"name":"(anonymous_1)","decl":{"start":{"line":12,"column":2},"end":{"line":12,"column":7}},"loc":{"start":{"line":12,"column":41},"end":{"line":16,"column":3}}}},"branchMap":{},"s":{"0":9,"1":9,"2":6,"3":5,"4":4,"5":5},"f":{"0":9,"1":6},"b":{}}
,"/home/ipereira/clean-node-api/src/infra/criptography/bcrypt-adapter.ts": {"path":"/home/ipereira/clean-node-api/src/infra/criptography/bcrypt-adapter.ts","statementMap":{"0":{"start":{"line":1,"column":0},"end":{"line":1,"column":27}},"1":{"start":{"line":7,"column":4},"end":{"line":7,"column":null}},"2":{"start":{"line":11,"column":17},"end":{"line":11,"column":52}},"3":{"start":{"line":12,"column":4},"end":{"line":12,"column":null}},"4":{"start":{"line":4,"column":0},"end":{"line":4,"column":13}}},"fnMap":{"0":{"name":"(anonymous_1)","decl":{"start":{"line":6,"column":2},"end":{"line":6,"column":15}},"loc":{"start":{"line":6,"column":27},"end":{"line":8,"column":3}}},"1":{"name":"(anonymous_2)","decl":{"start":{"line":10,"column":2},"end":{"line":10,"column":7}},"loc":{"start":{"line":10,"column":30},"end":{"line":13,"column":3}}}},"branchMap":{},"s":{"0":5,"1":7,"2":4,"3":3,"4":5},"f":{"0":7,"1":4},"b":{}}
,"/home/ipereira/clean-node-api/src/infra/db/mongodb/account-repository/account.ts": {"path":"/home/ipereira/clean-node-api/src/infra/db/mongodb/account-repository/account.ts","statementMap":{"0":{"start":{"line":4,"column":0},"end":{"line":4,"column":53}},"1":{"start":{"line":8,"column":30},"end":{"line":8,"column":73}},"2":{"start":{"line":9,"column":19},"end":{"line":9,"column":65}},"3":{"start":{"line":10,"column":31},"end":{"line":10,"column":37}},"4":{"start":{"line":11,"column":24},"end":{"line":11,"column":68}},"5":{"start":{"line":12,"column":4},"end":{"line":14,"column":null}},"6":{"start":{"line":13,"column":6},"end":{"line":13,"column":null}},"7":{"start":{"line":15,"column":4},"end":{"line":15,"column":null}},"8":{"start":{"line":6,"column":0},"end":{"line":6,"column":13}}},"fnMap":{"0":{"name":"(anonymous_0)","decl":{"start":{"line":7,"column":2},"end":{"line":7,"column":7}},"loc":{"start":{"line":7,"column":41},"end":{"line":16,"column":3}}}},"branchMap":{"0":{"loc":{"start":{"line":12,"column":4},"end":{"line":14,"column":null}},"type":"if","locations":[{"start":{"line":12,"column":4},"end":{"line":14,"column":null}}]}},"s":{"0":5,"1":2,"2":2,"3":2,"4":2,"5":2,"6":2,"7":0,"8":5},"f":{"0":2},"b":{"0":[2]}}
,"/home/ipereira/clean-node-api/src/infra/db/mongodb/helpers/mongo-helper.ts": {"path":"/home/ipereira/clean-node-api/src/infra/db/mongodb/helpers/mongo-helper.ts","statementMap":{"0":{"start":{"line":1,"column":0},"end":{"line":1,"column":54}},"1":{"start":{"line":4,"column":13},"end":{"line":35,"column":null}},"2":{"start":{"line":9,"column":4},"end":{"line":9,"column":null}},"3":{"start":{"line":10,"column":4},"end":{"line":10,"column":null}},"4":{"start":{"line":14,"column":4},"end":{"line":17,"column":null}},"5":{"start":{"line":15,"column":6},"end":{"line":15,"column":null}},"6":{"start":{"line":16,"column":6},"end":{"line":16,"column":null}},"7":{"start":{"line":21,"column":4},"end":{"line":23,"column":null}},"8":{"start":{"line":22,"column":6},"end":{"line":22,"column":null}},"9":{"start":{"line":24,"column":4},"end":{"line":24,"column":null}},"10":{"start":{"line":28,"column":44},"end":{"line":28,"column":58}},"11":{"start":{"line":29,"column":23},"end":{"line":31,"column":22}},"12":{"start":{"line":33,"column":4},"end":{"line":33,"column":null}}},"fnMap":{"0":{"name":"(anonymous_0)","decl":{"start":{"line":8,"column":2},"end":{"line":8,"column":7}},"loc":{"start":{"line":8,"column":28},"end":{"line":11,"column":3}}},"1":{"name":"(anonymous_1)","decl":{"start":{"line":13,"column":2},"end":{"line":13,"column":7}},"loc":{"start":{"line":13,"column":18},"end":{"line":18,"column":3}}},"2":{"name":"(anonymous_2)","decl":{"start":{"line":20,"column":2},"end":{"line":20,"column":7}},"loc":{"start":{"line":20,"column":35},"end":{"line":25,"column":3}}},"3":{"name":"(anonymous_3)","decl":{"start":{"line":27,"column":2},"end":{"line":27,"column":5}},"loc":{"start":{"line":27,"column":26},"end":{"line":34,"column":3}}}},"branchMap":{"0":{"loc":{"start":{"line":14,"column":4},"end":{"line":17,"column":null}},"type":"if","locations":[{"start":{"line":14,"column":4},"end":{"line":17,"column":null}}]},"1":{"loc":{"start":{"line":21,"column":4},"end":{"line":23,"column":null}},"type":"if","locations":[{"start":{"line":21,"column":4},"end":{"line":23,"column":null}}]}},"s":{"0":7,"1":7,"2":5,"3":5,"4":5,"5":5,"6":5,"7":8,"8":1,"9":8,"10":2,"11":2,"12":2},"f":{"0":5,"1":5,"2":8,"3":2},"b":{"0":[5],"1":[1]}}
,"/home/ipereira/clean-node-api/src/infra/db/mongodb/log-repository/log.ts": {"path":"/home/ipereira/clean-node-api/src/infra/db/mongodb/log-repository/log.ts","statementMap":{"0":{"start":{"line":2,"column":0},"end":{"line":2,"column":53}},"1":{"start":{"line":6,"column":27},"end":{"line":6,"column":68}},"2":{"start":{"line":7,"column":4},"end":{"line":10,"column":null}},"3":{"start":{"line":4,"column":0},"end":{"line":4,"column":13}}},"fnMap":{"0":{"name":"(anonymous_0)","decl":{"start":{"line":5,"column":2},"end":{"line":5,"column":7}},"loc":{"start":{"line":5,"column":31},"end":{"line":11,"column":3}}}},"branchMap":{},"s":{"0":5,"1":1,"2":1,"3":5},"f":{"0":1},"b":{}}
,"/home/ipereira/clean-node-api/src/presentation/controllers/signup/signup.ts": {"path":"/home/ipereira/clean-node-api/src/presentation/controllers/signup/signup.ts","statementMap":{"0":{"start":{"line":2,"column":0},"end":{"line":2,"column":67}},"1":{"start":{"line":3,"column":0},"end":{"line":3,"column":71}},"2":{"start":{"line":10,"column":4},"end":{"line":10,"column":null}},"3":{"start":{"line":11,"column":4},"end":{"line":11,"column":null}},"4":{"start":{"line":15,"column":4},"end":{"line":38,"column":null}},"5":{"start":{"line":16,"column":29},"end":{"line":16,"column":82}},"6":{"start":{"line":17,"column":6},"end":{"line":21,"column":null}},"7":{"start":{"line":18,"column":8},"end":{"line":20,"column":null}},"8":{"start":{"line":19,"column":10},"end":{"line":19,"column":null}},"9":{"start":{"line":22,"column":62},"end":{"line":22,"column":78}},"10":{"start":{"line":23,"column":6},"end":{"line":25,"column":null}},"11":{"start":{"line":24,"column":8},"end":{"line":24,"column":null}},"12":{"start":{"line":26,"column":22},"end":{"line":26,"column":56}},"13":{"start":{"line":27,"column":6},"end":{"line":29,"column":null}},"14":{"start":{"line":28,"column":8},"end":{"line":28,"column":null}},"15":{"start":{"line":30,"column":22},"end":{"line":34,"column":8}},"16":{"start":{"line":35,"column":6},"end":{"line":35,"column":null}},"17":{"start":{"line":37,"column":6},"end":{"line":37,"column":null}},"18":{"start":{"line":5,"column":0},"end":{"line":5,"column":13}}},"fnMap":{"0":{"name":"(anonymous_0)","decl":{"start":{"line":9,"column":2},"end":{"line":9,"column":15}},"loc":{"start":{"line":9,"column":69},"end":{"line":12,"column":3}}},"1":{"name":"(anonymous_1)","decl":{"start":{"line":14,"column":2},"end":{"line":14,"column":7}},"loc":{"start":{"line":14,"column":40},"end":{"line":39,"column":3}}}},"branchMap":{"0":{"loc":{"start":{"line":18,"column":8},"end":{"line":20,"column":null}},"type":"if","locations":[{"start":{"line":18,"column":8},"end":{"line":20,"column":null}}]},"1":{"loc":{"start":{"line":23,"column":6},"end":{"line":25,"column":null}},"type":"if","locations":[{"start":{"line":23,"column":6},"end":{"line":25,"column":null}}]},"2":{"loc":{"start":{"line":27,"column":6},"end":{"line":29,"column":null}},"type":"if","locations":[{"start":{"line":27,"column":6},"end":{"line":29,"column":null}}]}},"s":{"0":5,"1":5,"2":15,"3":15,"4":12,"5":12,"6":12,"7":42,"8":4,"9":8,"10":8,"11":1,"12":7,"13":6,"14":1,"15":5,"16":4,"17":2,"18":5},"f":{"0":15,"1":12},"b":{"0":[4],"1":[1],"2":[1]}}
,"/home/ipereira/clean-node-api/src/presentation/errors/index.ts": {"path":"/home/ipereira/clean-node-api/src/presentation/errors/index.ts","statementMap":{"0":{"start":{"line":1,"column":0},"end":{"line":1,"column":37}},"1":{"start":{"line":2,"column":0},"end":{"line":2,"column":37}},"2":{"start":{"line":3,"column":0},"end":{"line":3,"column":30}}},"fnMap":{},"branchMap":{},"s":{"0":6,"1":6,"2":6},"f":{},"b":{}}
,"/home/ipereira/clean-node-api/src/presentation/errors/invalid-param-error.ts": {"path":"/home/ipereira/clean-node-api/src/presentation/errors/invalid-param-error.ts","statementMap":{"0":{"start":{"line":3,"column":4},"end":{"line":3,"column":null}},"1":{"start":{"line":4,"column":4},"end":{"line":4,"column":null}},"2":{"start":{"line":1,"column":0},"end":{"line":1,"column":13}}},"fnMap":{"0":{"name":"(anonymous_0)","decl":{"start":{"line":2,"column":2},"end":{"line":2,"column":15}},"loc":{"start":{"line":2,"column":32},"end":{"line":5,"column":3}}}},"branchMap":{},"s":{"0":4,"1":4,"2":6},"f":{"0":4},"b":{}}
,"/home/ipereira/clean-node-api/src/presentation/errors/missing-param-error.ts": {"path":"/home/ipereira/clean-node-api/src/presentation/errors/missing-param-error.ts","statementMap":{"0":{"start":{"line":3,"column":4},"end":{"line":3,"column":null}},"1":{"start":{"line":4,"column":4},"end":{"line":4,"column":null}},"2":{"start":{"line":1,"column":0},"end":{"line":1,"column":13}}},"fnMap":{"0":{"name":"(anonymous_0)","decl":{"start":{"line":2,"column":2},"end":{"line":2,"column":15}},"loc":{"start":{"line":2,"column":32},"end":{"line":5,"column":3}}}},"branchMap":{},"s":{"0":8,"1":8,"2":6},"f":{"0":8},"b":{}}
,"/home/ipereira/clean-node-api/src/presentation/errors/server-error.ts": {"path":"/home/ipereira/clean-node-api/src/presentation/errors/server-error.ts","statementMap":{"0":{"start":{"line":3,"column":4},"end":{"line":3,"column":null}},"1":{"start":{"line":4,"column":4},"end":{"line":4,"column":null}},"2":{"start":{"line":5,"column":4},"end":{"line":5,"column":null}},"3":{"start":{"line":1,"column":0},"end":{"line":1,"column":13}}},"fnMap":{"0":{"name":"(anonymous_0)","decl":{"start":{"line":2,"column":2},"end":{"line":2,"column":15}},"loc":{"start":{"line":2,"column":29},"end":{"line":6,"column":3}}}},"branchMap":{},"s":{"0":7,"1":7,"2":7,"3":6},"f":{"0":7},"b":{}}
,"/home/ipereira/clean-node-api/src/presentation/helpers/http-helper.ts": {"path":"/home/ipereira/clean-node-api/src/presentation/helpers/http-helper.ts","statementMap":{"0":{"start":{"line":1,"column":0},"end":{"line":1,"column":39}},"1":{"start":{"line":4,"column":26},"end":{"line":9,"column":1}},"2":{"start":{"line":5,"column":2},"end":{"line":8,"column":null}},"3":{"start":{"line":4,"column":13},"end":{"line":4,"column":26}},"4":{"start":{"line":11,"column":27},"end":{"line":16,"column":1}},"5":{"start":{"line":12,"column":2},"end":{"line":15,"column":null}},"6":{"start":{"line":11,"column":13},"end":{"line":11,"column":27}},"7":{"start":{"line":18,"column":18},"end":{"line":23,"column":1}},"8":{"start":{"line":19,"column":2},"end":{"line":22,"column":null}},"9":{"start":{"line":18,"column":13},"end":{"line":18,"column":18}}},"fnMap":{"0":{"name":"(anonymous_0)","decl":{"start":{"line":4,"column":26},"end":{"line":4,"column":27}},"loc":{"start":{"line":4,"column":57},"end":{"line":9,"column":1}}},"1":{"name":"(anonymous_1)","decl":{"start":{"line":11,"column":27},"end":{"line":11,"column":28}},"loc":{"start":{"line":11,"column":58},"end":{"line":16,"column":1}}},"2":{"name":"(anonymous_2)","decl":{"start":{"line":18,"column":18},"end":{"line":18,"column":19}},"loc":{"start":{"line":18,"column":46},"end":{"line":23,"column":1}}}},"branchMap":{"0":{"loc":{"start":{"line":14,"column":26},"end":{"line":14,"column":67}},"type":"cond-expr","locations":[{"start":{"line":14,"column":37},"end":{"line":14,"column":41}},{"start":{"line":14,"column":41},"end":{"line":14,"column":67}}]},"1":{"loc":{"start":{"line":14,"column":26},"end":{"line":14,"column":41}},"type":"binary-expr","locations":[{"start":{"line":14,"column":26},"end":{"line":14,"column":41}},{"start":{"line":14,"column":37},"end":{"line":14,"column":41}}]}},"s":{"0":6,"1":6,"2":12,"3":6,"4":6,"5":5,"6":6,"7":6,"8":8,"9":6},"f":{"0":12,"1":5,"2":8},"b":{"0":[3,2],"1":[5,5]}}
,"/home/ipereira/clean-node-api/src/utils/email-validator-adapter.ts": {"path":"/home/ipereira/clean-node-api/src/utils/email-validator-adapter.ts","statementMap":{"0":{"start":{"line":2,"column":0},"end":{"line":2,"column":33}},"1":{"start":{"line":6,"column":4},"end":{"line":6,"column":null}},"2":{"start":{"line":4,"column":0},"end":{"line":4,"column":13}}},"fnMap":{"0":{"name":"(anonymous_1)","decl":{"start":{"line":5,"column":2},"end":{"line":5,"column":9}},"loc":{"start":{"line":5,"column":24},"end":{"line":7,"column":3}}}},"branchMap":{},"s":{"0":5,"1":4,"2":5},"f":{"0":4},"b":{}}
}
