TN:
SF:src/data/use-cases/add-account/db-add-account.ts
FN:7,(anonymous_0)
FN:12,(anonymous_1)
FNF:2
FNH:2
FNDA:9,(anonymous_0)
FNDA:6,(anonymous_1)
DA:3,5
DA:8,9
DA:9,9
DA:13,6
DA:14,5
DA:15,4
LF:6
LH:6
BRF:0
BRH:0
end_of_record
TN:
SF:src/infra/criptography/bcrypt-adapter.ts
FN:6,(anonymous_1)
FN:10,(anonymous_2)
FNF:2
FNH:2
FNDA:7,(anonymous_1)
FNDA:4,(anonymous_2)
DA:1,5
DA:4,5
DA:7,7
DA:11,4
DA:12,3
LF:5
LH:5
BRF:0
BRH:0
end_of_record
TN:
SF:src/infra/db/mongodb/account-repository/account.ts
FN:7,(anonymous_0)
FNF:1
FNH:1
FNDA:2,(anonymous_0)
DA:4,5
DA:6,5
DA:8,2
DA:9,2
DA:10,2
DA:11,2
DA:12,2
DA:13,2
DA:15,0
LF:9
LH:8
BRDA:12,0,0,2
BRF:1
BRH:1
end_of_record
TN:
SF:src/infra/db/mongodb/helpers/mongo-helper.ts
FN:8,(anonymous_0)
FN:13,(anonymous_1)
FN:20,(anonymous_2)
FN:27,(anonymous_3)
FNF:4
FNH:4
FNDA:4,(anonymous_0)
FNDA:4,(anonymous_1)
FNDA:6,(anonymous_2)
FNDA:2,(anonymous_3)
DA:1,6
DA:4,6
DA:9,4
DA:10,4
DA:14,4
DA:15,4
DA:16,4
DA:21,6
DA:22,1
DA:24,6
DA:28,2
DA:29,2
DA:33,2
LF:13
LH:13
BRDA:14,0,0,4
BRDA:21,1,0,1
BRF:2
BRH:2
end_of_record
TN:
SF:src/presentation/controllers/signup/signup.ts
FN:9,(anonymous_0)
FN:14,(anonymous_1)
FNF:2
FNH:2
FNDA:15,(anonymous_0)
FNDA:12,(anonymous_1)
DA:2,5
DA:3,5
DA:5,5
DA:10,15
DA:11,15
DA:15,12
DA:16,12
DA:17,12
DA:18,42
DA:19,4
DA:22,8
DA:23,8
DA:24,1
DA:26,7
DA:27,6
DA:28,1
DA:30,5
DA:35,4
DA:37,2
LF:19
LH:19
BRDA:18,0,0,4
BRDA:23,1,0,1
BRDA:27,2,0,1
BRF:3
BRH:3
end_of_record
TN:
SF:src/presentation/errors/index.ts
FNF:0
FNH:0
DA:1,5
DA:2,5
DA:3,5
LF:3
LH:3
BRF:0
BRH:0
end_of_record
TN:
SF:src/presentation/errors/invalid-param-error.ts
FN:2,(anonymous_0)
FNF:1
FNH:1
FNDA:4,(anonymous_0)
DA:1,5
DA:3,4
DA:4,4
LF:3
LH:3
BRF:0
BRH:0
end_of_record
TN:
SF:src/presentation/errors/missing-param-error.ts
FN:2,(anonymous_0)
FNF:1
FNH:1
FNDA:8,(anonymous_0)
DA:1,5
DA:3,8
DA:4,8
LF:3
LH:3
BRF:0
BRH:0
end_of_record
TN:
SF:src/presentation/errors/server-error.ts
FN:2,(anonymous_0)
FNF:1
FNH:1
FNDA:4,(anonymous_0)
DA:1,5
DA:3,4
DA:4,4
LF:3
LH:3
BRF:0
BRH:0
end_of_record
TN:
SF:src/presentation/helpers/http-helper.ts
FN:4,(anonymous_0)
FN:11,(anonymous_1)
FN:18,(anonymous_2)
FNF:3
FNH:3
FNDA:6,(anonymous_0)
FNDA:2,(anonymous_1)
FNDA:4,(anonymous_2)
DA:1,5
DA:4,5
DA:5,6
DA:11,5
DA:12,2
DA:18,5
DA:19,4
LF:7
LH:7
BRF:0
BRH:0
end_of_record
TN:
SF:src/utils/email-validator-adapter.ts
FN:5,(anonymous_1)
FNF:1
FNH:1
FNDA:4,(anonymous_1)
DA:2,5
DA:4,5
DA:6,4
LF:3
LH:3
BRF:0
BRH:0
end_of_record
